0 info it worked if it ends with ok
1 verbose cli [ 'C:\\Program Files\\nodejs\\node.exe',
1 verbose cli   'C:\\Program Files\\nodejs\\node_modules\\npm\\bin\\npm-cli.js',
1 verbose cli   'run',
1 verbose cli   'coverage' ]
2 info using npm@3.10.10
3 info using node@v6.11.3
4 verbose run-script [ 'precoverage', 'coverage', 'postcoverage' ]
5 info lifecycle barmang@0.0.0~precoverage: barmang@0.0.0
6 silly lifecycle barmang@0.0.0~precoverage: no script for precoverage, continuing
7 info lifecycle barmang@0.0.0~coverage: barmang@0.0.0
8 verbose lifecycle barmang@0.0.0~coverage: unsafe-perm in lifecycle true
9 verbose lifecycle barmang@0.0.0~coverage: PATH: C:\Program Files\nodejs\node_modules\npm\bin\node-gyp-bin;C:\Users\conor\WebstormProjects\barmangV2\node_modules\.bin;C:\Program Files\Broadcom\Broadcom 802.11 Network Adapter;C:\WINDOWS\system32;C:\WINDOWS;C:\WINDOWS\System32\Wbem;C:\WINDOWS\System32\WindowsPowerShell\v1.0\;c:\Program Files (x86)\ATI Technologies\ATI.ACE\Core-Static;C:\Program Files (x86)\Skype\Phone\;C:\Program Files\nodejs\;C:\Program Files\Git\cmd;C:\Program Files (x86)\Windows Live\Shared;C:\Users\conor\AppData\Local\Microsoft\WindowsApps;C:\Users\conor\AppData\Roaming\npm
10 verbose lifecycle barmang@0.0.0~coverage: CWD: C:\Users\conor\WebstormProjects\barmangV2
11 silly lifecycle barmang@0.0.0~coverage: Args: [ '/d /s /c',
11 silly lifecycle   ' set istanbul cover node_modules/mocha/bin/_mocha && test/routes/*' ]
12 silly lifecycle barmang@0.0.0~coverage: Returned: code: 1  signal: null
13 info lifecycle barmang@0.0.0~coverage: Failed to exec coverage script
14 verbose stack Error: barmang@0.0.0 coverage: ` set istanbul cover node_modules/mocha/bin/_mocha && test/routes/*`
14 verbose stack Exit status 1
14 verbose stack     at EventEmitter.<anonymous> (C:\Program Files\nodejs\node_modules\npm\lib\utils\lifecycle.js:255:16)
14 verbose stack     at emitTwo (events.js:106:13)
14 verbose stack     at EventEmitter.emit (events.js:191:7)
14 verbose stack     at ChildProcess.<anonymous> (C:\Program Files\nodejs\node_modules\npm\lib\utils\spawn.js:40:14)
14 verbose stack     at emitTwo (events.js:106:13)
14 verbose stack     at ChildProcess.emit (events.js:191:7)
14 verbose stack     at maybeClose (internal/child_process.js:920:16)
14 verbose stack     at Process.ChildProcess._handle.onexit (internal/child_process.js:230:5)
15 verbose pkgid barmang@0.0.0
16 verbose cwd C:\Users\conor\WebstormProjects\barmangV2
17 error Windows_NT 10.0.14393
18 error argv "C:\\Program Files\\nodejs\\node.exe" "C:\\Program Files\\nodejs\\node_modules\\npm\\bin\\npm-cli.js" "run" "coverage"
19 error node v6.11.3
20 error npm  v3.10.10
21 error code ELIFECYCLE
22 error barmang@0.0.0 coverage: ` set istanbul cover node_modules/mocha/bin/_mocha && test/routes/*`
22 error Exit status 1
23 error Failed at the barmang@0.0.0 coverage script ' set istanbul cover node_modules/mocha/bin/_mocha && test/routes/*'.
23 error Make sure you have the latest version of node.js and npm installed.
23 error If you do, this is most likely a problem with the barmang package,
23 error not with npm itself.
23 error Tell the author that this fails on your system:
23 error      set istanbul cover node_modules/mocha/bin/_mocha && test/routes/*
23 error You can get information on how to open an issue for this project with:
23 error     npm bugs barmang
23 error Or if that isn't available, you can get their info via:
23 error     npm owner ls barmang
23 error There is likely additional logging output above.
24 verbose exit [ 1, true ]
